<?xml version="1.0" encoding="UTF-8"?>
<testsuite xmlns:xsi="http://www.w3.org/2001/XMLSchema-instance" xsi:noNamespaceSchemaLocation="https://maven.apache.org/surefire/maven-surefire-plugin/xsd/surefire-test-report-3.0.xsd" version="3.0" name="com.mycompany.mavenproject2.CalculadoraTest" time="0.196" tests="47" errors="0" skipped="0" failures="0">
  <properties>
[...]
</properties>
  <testcase name="testExponenciacion1" classname="com.mycompany.mavenproject2.CalculadoraTest" time="0.031">
    <system-out><![CDATA[TCE01
]]></system-out>
  </testcase>
  <testcase name="testExponenciacion2" classname="com.mycompany.mavenproject2.CalculadoraTest" time="0.002">
    <system-out><![CDATA[TCE02
]]></system-out>
  </testcase>
  <testcase name="testExponenciacion3" classname="com.mycompany.mavenproject2.CalculadoraTest" time="0.002">
    <system-out><![CDATA[TCE03
]]></system-out>
  </testcase>
  <testcase name="testExponenciacion4" classname="com.mycompany.mavenproject2.CalculadoraTest" time="0.003">
    <system-out><![CDATA[TCE04
]]></system-out>
  </testcase>
  <testcase name="testExponenciacion5" classname="com.mycompany.mavenproject2.CalculadoraTest" time="0.004">
    <system-out><![CDATA[TCE05
]]></system-out>
  </testcase>
  <testcase name="testSonAmigos1" classname="com.mycompany.mavenproject2.CalculadoraTest" time="0.001">
    <system-out><![CDATA[sonAmigos
]]></system-out>
  </testcase>
  <testcase name="testSonAmigos2" classname="com.mycompany.mavenproject2.CalculadoraTest" time="0.013">
    <system-out><![CDATA[sonAmigos
]]></system-out>
  </testcase>
  <testcase name="testSonAmigos3" classname="com.mycompany.mavenproject2.CalculadoraTest" time="0.002">
    <system-out><![CDATA[sonAmigos
]]></system-out>
  </testcase>
  <testcase name="testSonAmigos4" classname="com.mycompany.mavenproject2.CalculadoraTest" time="0.002">
    <system-out><![CDATA[sonAmigos
]]></system-out>
  </testcase>
  <testcase name="testResta" classname="com.mycompany.mavenproject2.CalculadoraTest" time="0.001">
    <system-out><![CDATA[resta
]]></system-out>
  </testcase>
  <testcase name="testSuma1" classname="com.mycompany.mavenproject2.CalculadoraTest" time="0.002">
    <system-out><![CDATA[TCS01
]]></system-out>
  </testcase>
  <testcase name="testSuma2" classname="com.mycompany.mavenproject2.CalculadoraTest" time="0.002">
    <system-out><![CDATA[TCS02
]]></system-out>
  </testcase>
  <testcase name="testSuma3" classname="com.mycompany.mavenproject2.CalculadoraTest" time="0.001">
    <system-out><![CDATA[TCS03
]]></system-out>
  </testcase>
  <testcase name="testSuma4" classname="com.mycompany.mavenproject2.CalculadoraTest" time="0.002">
    <system-out><![CDATA[TCS04
]]></system-out>
  </testcase>
  <testcase name="testSuma5" classname="com.mycompany.mavenproject2.CalculadoraTest" time="0.001">
    <system-out><![CDATA[TCS05
]]></system-out>
  </testcase>
  <testcase name="testSuma" classname="com.mycompany.mavenproject2.CalculadoraTest" time="0.001">
    <system-out><![CDATA[suma
]]></system-out>
  </testcase>
  <testcase name="testRadicacion" classname="com.mycompany.mavenproject2.CalculadoraTest" time="0.001"/>
  <testcase name="testMultiplicacion1" classname="com.mycompany.mavenproject2.CalculadoraTest" time="0.001">
    <system-out><![CDATA[TCM01
]]></system-out>
  </testcase>
  <testcase name="testMultiplicacion2" classname="com.mycompany.mavenproject2.CalculadoraTest" time="0.001">
    <system-out><![CDATA[TCM02
]]></system-out>
  </testcase>
  <testcase name="testMultiplicacion3" classname="com.mycompany.mavenproject2.CalculadoraTest" time="0.001">
    <system-out><![CDATA[TCM03
]]></system-out>
  </testcase>
  <testcase name="testMultiplicacion4" classname="com.mycompany.mavenproject2.CalculadoraTest" time="0.002">
    <system-out><![CDATA[TCM04
]]></system-out>
  </testcase>
  <testcase name="testDivision1" classname="com.mycompany.mavenproject2.CalculadoraTest" time="0.001">
    <system-out><![CDATA[TCD01
]]></system-out>
  </testcase>
  <testcase name="testDivision2" classname="com.mycompany.mavenproject2.CalculadoraTest" time="0.001">
    <system-out><![CDATA[TCD02
]]></system-out>
  </testcase>
  <testcase name="testDivision3" classname="com.mycompany.mavenproject2.CalculadoraTest" time="0.002">
    <system-out><![CDATA[TCD03
]]></system-out>
  </testcase>
  <testcase name="testDivision4" classname="com.mycompany.mavenproject2.CalculadoraTest" time="0.001">
    <system-out><![CDATA[TCD04
]]></system-out>
  </testcase>
  <testcase name="testDivision5" classname="com.mycompany.mavenproject2.CalculadoraTest" time="0.001">
    <system-out><![CDATA[TCD05
]]></system-out>
  </testcase>
  <testcase name="testDivision6" classname="com.mycompany.mavenproject2.CalculadoraTest" time="0.002">
    <system-out><![CDATA[TCD06
]]></system-out>
  </testcase>
  <testcase name="testDivision7" classname="com.mycompany.mavenproject2.CalculadoraTest" time="0.001">
    <system-out><![CDATA[TCD07
]]></system-out>
  </testcase>
  <testcase name="testMultiplicacion" classname="com.mycompany.mavenproject2.CalculadoraTest" time="0.003">
    <system-out><![CDATA[multiplicacion
]]></system-out>
  </testcase>
  <testcase name="testSumaDivisores1" classname="com.mycompany.mavenproject2.CalculadoraTest" time="0.001">
    <system-out><![CDATA[sumaDivisores
]]></system-out>
  </testcase>
  <testcase name="testSumaDivisores2" classname="com.mycompany.mavenproject2.CalculadoraTest" time="0.002">
    <system-out><![CDATA[sumaDivisores
]]></system-out>
  </testcase>
  <testcase name="testSumaDivisores3" classname="com.mycompany.mavenproject2.CalculadoraTest" time="0.003">
    <system-out><![CDATA[sumaDivisores
]]></system-out>
  </testcase>
  <testcase name="testSumaDivisores4" classname="com.mycompany.mavenproject2.CalculadoraTest" time="0.001">
    <system-out><![CDATA[sumaDivisores
]]></system-out>
  </testcase>
  <testcase name="testSumaDivisores5" classname="com.mycompany.mavenproject2.CalculadoraTest" time="0.002">
    <system-out><![CDATA[sumaDivisores
]]></system-out>
  </testcase>
  <testcase name="testSumaDivisores6" classname="com.mycompany.mavenproject2.CalculadoraTest" time="0.002">
    <system-out><![CDATA[sumaDivisores
]]></system-out>
  </testcase>
  <testcase name="testSonAmigos" classname="com.mycompany.mavenproject2.CalculadoraTest" time="0.001"/>
  <testcase name="testSumaDivisores" classname="com.mycompany.mavenproject2.CalculadoraTest" time="0.002"/>
  <testcase name="testDivision" classname="com.mycompany.mavenproject2.CalculadoraTest" time="0.002"/>
  <testcase name="testRadicacion1" classname="com.mycompany.mavenproject2.CalculadoraTest" time="0.001">
    <system-out><![CDATA[TCR01
9.0
]]></system-out>
  </testcase>
  <testcase name="testRadicacion2" classname="com.mycompany.mavenproject2.CalculadoraTest" time="0.002">
    <system-out><![CDATA[TCR02
27.0
]]></system-out>
  </testcase>
  <testcase name="testRadicacion3" classname="com.mycompany.mavenproject2.CalculadoraTest" time="0.002">
    <system-out><![CDATA[TCR03
-8.0
]]></system-out>
  </testcase>
  <testcase name="testRadicacion4" classname="com.mycompany.mavenproject2.CalculadoraTest" time="0.001">
    <system-out><![CDATA[TCR04
-8.0
]]></system-out>
  </testcase>
  <testcase name="testRadicacion5" classname="com.mycompany.mavenproject2.CalculadoraTest" time="0.002">
    <system-out><![CDATA[TCR05
]]></system-out>
  </testcase>
  <testcase name="testResta1" classname="com.mycompany.mavenproject2.CalculadoraTest" time="0.001">
    <system-out><![CDATA[TCR01
]]></system-out>
  </testcase>
  <testcase name="testResta2" classname="com.mycompany.mavenproject2.CalculadoraTest" time="0.001">
    <system-out><![CDATA[TCR02
]]></system-out>
  </testcase>
  <testcase name="testResta3" classname="com.mycompany.mavenproject2.CalculadoraTest" time="0.0">
    <system-out><![CDATA[TCR03
]]></system-out>
  </testcase>
  <testcase name="testResta4" classname="com.mycompany.mavenproject2.CalculadoraTest" time="0.001">
    <system-out><![CDATA[TCR04
]]></system-out>
  </testcase>
</testsuite>